Command line:
   prueba_uC_isim_beh.exe
     -simmode  gui
     -simrunnum  0
     -socket  59116

Mon Apr 17 16:54:48 2017


 Elaboration Time: 0.0312 sec

 Current Memory Usage: 667.144 Meg

 Total Signals          : 6
 Total Nets             : 14
 Total Signal Drivers   : 3
 Total Blocks           : 5
 Total Primitive Blocks : 4
 Total Processes        : 2
 Total Traceable Variables  : 10
 Total Scalar Nets and Variables : 392
Total Line Count : 14

 Total Simulation Time: 0.0468 sec

 Current Memory Usage: 981.717 Meg

Mon Apr 17 16:55:33 2017

