Command line:
   prueba_registerFile_isim_beh.exe
     -simmode  gui
     -simrunnum  0
     -socket  59150

Mon Apr 17 16:59:16 2017


 Elaboration Time: 0.0312 sec

 Current Memory Usage: 667.144 Meg

 Total Signals          : 15
 Total Nets             : 1392
 Total Signal Drivers   : 8
 Total Blocks           : 5
 Total Primitive Blocks : 4
 Total Processes        : 2
 Total Traceable Variables  : 10
 Total Scalar Nets and Variables : 1770
Total Line Count : 15

 Total Simulation Time: 0.0624 sec

 Current Memory Usage: 981.717 Meg

Mon Apr 17 17:00:30 2017

