Command line:
   prueba_sumador_isim_beh.exe
     -simmode  gui
     -simrunnum  0
     -socket  55104

Sun Apr 09 22:59:57 2017


 Elaboration Time: 0.09375 sec

 Current Memory Usage: 361.755 Meg

 Total Signals          : 6
 Total Nets             : 96
 Total Signal Drivers   : 3
 Total Blocks           : 6
 Total Primitive Blocks : 5
 Total Processes        : 2
 Total Traceable Variables  : 10
 Total Scalar Nets and Variables : 474
Total Line Count : 13

 Total Simulation Time: 0.296875 sec

 Current Memory Usage: 676.344 Meg

Sun Apr 09 23:01:25 2017

