Command line:
   prueba_mUX_isim_beh.exe
     -simmode  gui
     -simrunnum  0
     -socket  50563

Mon Apr 17 17:16:08 2017


 Elaboration Time: 0.0312 sec

 Current Memory Usage: 667.046 Meg

 Total Signals          : 8
 Total Nets             : 97
 Total Signal Drivers   : 4
 Total Blocks           : 3
 Total Primitive Blocks : 2
 Total Processes        : 2
 Total Traceable Variables  : 8
 Total Scalar Nets and Variables : 457
Total Line Count : 8

 Total Simulation Time: 0.0312 sec

 Current Memory Usage: 667.046 Meg

Mon Apr 17 17:16:13 2017

