Command line:
   prueba_procesadorUnion_isim_beh.exe
     -simmode  gui
     -simrunnum  0
     -socket  61326

Wed Apr 26 15:48:41 2017


 Elaboration Time: 0.125 sec

 Current Memory Usage: 366.031 Meg

 Total Signals          : 62
 Total Nets             : 2669
 Total Signal Drivers   : 16
 Total Blocks           : 17
 Total Primitive Blocks : 15
 Total Processes        : 13
 Total Traceable Variables  : 16
 Total Scalar Nets and Variables : 3171
Total Line Count : 105
In process IM.vhd:59 
 

 Total Simulation Time: 0.140625 sec

 Current Memory Usage: 366.031 Meg

Wed Apr 26 15:49:02 2017

