Command line:
   prueba_registerFile_isim_beh.exe
     -simmode  gui
     -simrunnum  0
     -socket  55263

Sun Apr 09 23:44:43 2017


 Elaboration Time: 0.078125 sec

 Current Memory Usage: 361.751 Meg

 Total Signals          : 15
 Total Nets             : 1392
 Total Signal Drivers   : 8
 Total Blocks           : 5
 Total Primitive Blocks : 4
 Total Processes        : 2
 Total Traceable Variables  : 10
 Total Scalar Nets and Variables : 1770
Total Line Count : 15

 Total Simulation Time: 0.125 sec

 Current Memory Usage: 676.34 Meg

Sun Apr 09 23:45:30 2017

