Command line:
   prueba_aLU_isim_beh.exe
     -simmode  gui
     -simrunnum  0
     -socket  50587

Mon Apr 17 17:18:16 2017


 Elaboration Time: 0.0156 sec

 Current Memory Usage: 667.144 Meg

 Total Signals          : 8
 Total Nets             : 102
 Total Signal Drivers   : 4
 Total Blocks           : 5
 Total Primitive Blocks : 4
 Total Processes        : 2
 Total Traceable Variables  : 10
 Total Scalar Nets and Variables : 480
Total Line Count : 14

 Total Simulation Time: 0.0156 sec

 Current Memory Usage: 667.144 Meg

Mon Apr 17 17:18:46 2017

