Release 14.7 - xst P.20131013 (nt64)
Copyright (c) 1995-2013 Xilinx, Inc.  All rights reserved.
--> Parameter TMPDIR set to xst/projnav.tmp


Total REAL time to Xst completion: 1.00 secs
Total CPU time to Xst completion: 0.44 secs
 
--> Parameter xsthdpdir set to xst


Total REAL time to Xst completion: 1.00 secs
Total CPU time to Xst completion: 0.45 secs
 
--> Reading design: aLU.prj

TABLE OF CONTENTS
  1) Synthesis Options Summary
  2) HDL Compilation
  3) Design Hierarchy Analysis
  4) HDL Analysis
  5) HDL Synthesis
     5.1) HDL Synthesis Report
  6) Advanced HDL Synthesis
     6.1) Advanced HDL Synthesis Report
  7) Low Level Synthesis
  8) Partition Report
  9) Final Report
	9.1) Device utilization summary
	9.2) Partition Resource Summary
	9.3) TIMING REPORT


=========================================================================
*                      Synthesis Options Summary                        *
=========================================================================
---- Source Parameters
Input File Name                    : "aLU.prj"
Input Format                       : mixed
Ignore Synthesis Constraint File   : NO

---- Target Parameters
Output File Name                   : "aLU"
Output Format                      : NGC
Target Device                      : xc3s100e-4-vq100

---- Source Options
Top Module Name                    : aLU
Automatic FSM Extraction           : YES
FSM Encoding Algorithm             : Auto
Safe Implementation                : No
FSM Style                          : LUT
RAM Extraction                     : Yes
RAM Style                          : Auto
ROM Extraction                     : Yes
Mux Style                          : Auto
Decoder Extraction                 : YES
Priority Encoder Extraction        : Yes
Shift Register Extraction          : YES
Logical Shifter Extraction         : YES
XOR Collapsing                     : YES
ROM Style                          : Auto
Mux Extraction                     : Yes
Resource Sharing                   : YES
Asynchronous To Synchronous        : NO
Multiplier Style                   : Auto
Automatic Register Balancing       : No

---- Target Options
Add IO Buffers                     : YES
Global Maximum Fanout              : 100000
Add Generic Clock Buffer(BUFG)     : 24
Register Duplication               : YES
Slice Packing                      : YES
Optimize Instantiated Primitives   : NO
Use Clock Enable                   : Yes
Use Synchronous Set                : Yes
Use Synchronous Reset              : Yes
Pack IO Registers into IOBs        : Auto
Equivalent register Removal        : YES

---- General Options
Optimization Goal                  : Speed
Optimization Effort                : 1
Keep Hierarchy                     : No
Netlist Hierarchy                  : As_Optimized
RTL Output                         : Yes
Global Optimization                : AllClockNets
Read Cores                         : YES
Write Timing Constraints           : NO
Cross Clock Analysis               : NO
Hierarchy Separator                : /
Bus Delimiter                      : <>
Case Specifier                     : Maintain
Slice Utilization Ratio            : 100
BRAM Utilization Ratio             : 100
Verilog 2001                       : YES
Auto BRAM Packing                  : NO
Slice Utilization Ratio Delta      : 5

=========================================================================


=========================================================================
*                          HDL Compilation                              *
=========================================================================
WARNING:HDLParsers:3607 - Unit work/aLU is now defined in a different file.  It was defined in "C:/Users/utp/Documents/Procesador_4/Procesador_4/ALU.vhd", and is now defined in "C:/Users/Daniel/Desktop/Procesador_4/Procesador_4/ALU.vhd".
WARNING:HDLParsers:3607 - Unit work/aLU/Behavioral is now defined in a different file.  It was defined in "C:/Users/utp/Documents/Procesador_4/Procesador_4/ALU.vhd", and is now defined in "C:/Users/Daniel/Desktop/Procesador_4/Procesador_4/ALU.vhd".
Compiling vhdl file "C:/Users/Daniel/Desktop/Procesador_4/Procesador_4/ALU.vhd" in Library work.
Entity <alu> compiled.
Entity <alu> (Architecture <behavioral>) compiled.

=========================================================================
*                     Design Hierarchy Analysis                         *
=========================================================================
Analyzing hierarchy for entity <aLU> in library <work> (architecture <behavioral>).


=========================================================================
*                            HDL Analysis                               *
=========================================================================
Analyzing Entity <aLU> in library <work> (Architecture <behavioral>).
Entity <aLU> analyzed. Unit <aLU> generated.


=========================================================================
*                           HDL Synthesis                               *
=========================================================================

Performing bidirectional port resolution...

Synthesizing Unit <aLU>.
    Related source file is "C:/Users/Daniel/Desktop/Procesador_4/Procesador_4/ALU.vhd".
    Found 32-bit adder carry in for signal <SalidALU$addsub0000>.
    Found 32-bit subtractor for signal <SalidALU$addsub0001> created at line 55.
    Found 32-bit subtractor for signal <SalidALU$addsub0002> created at line 61.
    Found 32-bit xor2 for signal <SalidALU$xor0000> created at line 91.
    Summary:
	inferred   3 Adder/Subtractor(s).
Unit <aLU> synthesized.

INFO:Xst:1767 - HDL ADVISOR - Resource sharing has identified that some arithmetic operations in this design can share the same physical resources for reduced device utilization. For improved clock frequency you may try to disable resource sharing.

=========================================================================
HDL Synthesis Report

Macro Statistics
# Adders/Subtractors                                   : 3
 32-bit adder carry in                                 : 1
 32-bit subtractor                                     : 2
# Xors                                                 : 1
 32-bit xor2                                           : 1

=========================================================================

=========================================================================
*                       Advanced HDL Synthesis                          *
=========================================================================


=========================================================================
Advanced HDL Synthesis Report

Macro Statistics
# Adders/Subtractors                                   : 3
 32-bit adder carry in                                 : 1
 32-bit subtractor                                     : 2
# Xors                                                 : 1
 32-bit xor2                                           : 1

=========================================================================

=========================================================================
*                         Low Level Synthesis                           *
=========================================================================

Optimizing unit <aLU> ...

Mapping all equations...
Building and optimizing final netlist ...
Found area constraint ratio of 100 (+ 5) on block aLU, actual ratio is 19.

Final Macro Processing ...

=========================================================================
Final Register Report

Found no macro
=========================================================================

=========================================================================
*                           Partition Report                            *
=========================================================================

Partition Implementation Status
-------------------------------

  No Partitions were found in this design.

-------------------------------

=========================================================================
*                            Final Report                               *
=========================================================================
Final Results
RTL Top Level Output File Name     : aLU.ngr
Top Level Output File Name         : aLU
Output Format                      : NGC
Optimization Goal                  : Speed
Keep Hierarchy                     : No

Design Statistics
# IOs                              : 103

Cell Usage :
# BELS                             : 526
#      INV                         : 31
#      LUT2                        : 69
#      LUT3                        : 44
#      LUT4                        : 160
#      MUXCY                       : 93
#      MUXF5                       : 32
#      VCC                         : 1
#      XORCY                       : 96
# IO Buffers                       : 103
#      IBUF                        : 71
#      OBUF                        : 32
=========================================================================

Device utilization summary:
---------------------------

Selected Device : 3s100evq100-4 

 Number of Slices:                      163  out of    960    16%  
 Number of 4 input LUTs:                304  out of   1920    15%  
 Number of IOs:                         103
 Number of bonded IOBs:                 103  out of     66   156% (*) 

WARNING:Xst:1336 -  (*) More than 100% of Device resources are used

---------------------------
Partition Resource Summary:
---------------------------

  No Partitions were found in this design.

---------------------------


=========================================================================
TIMING REPORT

NOTE: THESE TIMING NUMBERS ARE ONLY A SYNTHESIS ESTIMATE.
      FOR ACCURATE TIMING INFORMATION PLEASE REFER TO THE TRACE REPORT
      GENERATED AFTER PLACE-and-ROUTE.

Clock Information:
------------------
No clock signals found in this design

Asynchronous Control Signals Information:
----------------------------------------
No asynchronous control signals found in this design

Timing Summary:
---------------
Speed Grade: -4

   Minimum period: No path found
   Minimum input arrival time before clock: No path found
   Maximum output required time after clock: No path found
   Maximum combinational path delay: 14.228ns

Timing Detail:
--------------
All values displayed in nanoseconds (ns)

=========================================================================
Timing constraint: Default path analysis
  Total number of paths / destination ports: 22156 / 32
-------------------------------------------------------------------------
Delay:               14.228ns (Levels of Logic = 9)
  Source:            AluOp<1> (PAD)
  Destination:       SalidALU<9> (PAD)

  Data Path: AluOp<1> to SalidALU<9>
                                Gate     Net
    Cell:in->out      fanout   Delay   Delay  Logical Name (Net Name)
    ----------------------------------------  ------------
     IBUF:I->O            15   1.218   1.096  AluOp_1_IBUF (AluOp_1_IBUF)
     LUT4:I1->O           32   0.704   1.437  SalidALU<0>110 (N01)
     LUT4:I0->O            1   0.704   0.595  SalidALU<2>37 (SalidALU<2>37)
     LUT3:I0->O            1   0.704   0.000  SalidALU<2>46_G (N179)
     MUXF5:I1->O           1   0.321   0.595  SalidALU<2>46 (SalidALU<2>46)
     LUT4:I0->O            1   0.704   0.455  SalidALU<2>84_SW0 (N116)
     LUT4:I2->O            1   0.704   0.595  SalidALU<2>84 (SalidALU<2>84)
     LUT3:I0->O            1   0.704   0.420  SalidALU<2>96 (SalidALU_2_OBUF)
     OBUF:I->O                 3.272          SalidALU_2_OBUF (SalidALU<2>)
    ----------------------------------------
    Total                     14.228ns (9.035ns logic, 5.193ns route)
                                       (63.5% logic, 36.5% route)

=========================================================================


Total REAL time to Xst completion: 36.00 secs
Total CPU time to Xst completion: 35.58 secs
 
--> 

Total memory usage is 278664 kilobytes

Number of errors   :    0 (   0 filtered)
Number of warnings :    3 (   0 filtered)
Number of infos    :    1 (   0 filtered)

