Release 14.7 - xst P.20131013 (nt64)
Copyright (c) 1995-2013 Xilinx, Inc.  All rights reserved.
--> Parameter TMPDIR set to xst/projnav.tmp


Total REAL time to Xst completion: 1.00 secs
Total CPU time to Xst completion: 0.36 secs
 
--> Parameter xsthdpdir set to xst


Total REAL time to Xst completion: 1.00 secs
Total CPU time to Xst completion: 0.36 secs
 
--> Reading design: windows_Manager.prj

TABLE OF CONTENTS
  1) Synthesis Options Summary
  2) HDL Compilation
  3) Design Hierarchy Analysis
  4) HDL Analysis
  5) HDL Synthesis
     5.1) HDL Synthesis Report
  6) Advanced HDL Synthesis
     6.1) Advanced HDL Synthesis Report
  7) Low Level Synthesis
  8) Partition Report
  9) Final Report
	9.1) Device utilization summary
	9.2) Partition Resource Summary
	9.3) TIMING REPORT


=========================================================================
*                      Synthesis Options Summary                        *
=========================================================================
---- Source Parameters
Input File Name                    : "windows_Manager.prj"
Input Format                       : mixed
Ignore Synthesis Constraint File   : NO

---- Target Parameters
Output File Name                   : "windows_Manager"
Output Format                      : NGC
Target Device                      : xc3s100e-4-vq100

---- Source Options
Top Module Name                    : windows_Manager
Automatic FSM Extraction           : YES
FSM Encoding Algorithm             : Auto
Safe Implementation                : No
FSM Style                          : LUT
RAM Extraction                     : Yes
RAM Style                          : Auto
ROM Extraction                     : Yes
Mux Style                          : Auto
Decoder Extraction                 : YES
Priority Encoder Extraction        : Yes
Shift Register Extraction          : YES
Logical Shifter Extraction         : YES
XOR Collapsing                     : YES
ROM Style                          : Auto
Mux Extraction                     : Yes
Resource Sharing                   : YES
Asynchronous To Synchronous        : NO
Multiplier Style                   : Auto
Automatic Register Balancing       : No

---- Target Options
Add IO Buffers                     : YES
Global Maximum Fanout              : 100000
Add Generic Clock Buffer(BUFG)     : 24
Register Duplication               : YES
Slice Packing                      : YES
Optimize Instantiated Primitives   : NO
Use Clock Enable                   : Yes
Use Synchronous Set                : Yes
Use Synchronous Reset              : Yes
Pack IO Registers into IOBs        : Auto
Equivalent register Removal        : YES

---- General Options
Optimization Goal                  : Speed
Optimization Effort                : 1
Keep Hierarchy                     : No
Netlist Hierarchy                  : As_Optimized
RTL Output                         : Yes
Global Optimization                : AllClockNets
Read Cores                         : YES
Write Timing Constraints           : NO
Cross Clock Analysis               : NO
Hierarchy Separator                : /
Bus Delimiter                      : <>
Case Specifier                     : Maintain
Slice Utilization Ratio            : 100
BRAM Utilization Ratio             : 100
Verilog 2001                       : YES
Auto BRAM Packing                  : NO
Slice Utilization Ratio Delta      : 5

=========================================================================


=========================================================================
*                          HDL Compilation                              *
=========================================================================
Compiling vhdl file "C:/Users/Daniel/Desktop/Procesador_4/Procesador_4/windows_Manager.vhd" in Library work.
Entity <windows_manager> compiled.
Entity <windows_manager> (Architecture <behavioral>) compiled.

=========================================================================
*                     Design Hierarchy Analysis                         *
=========================================================================
Analyzing hierarchy for entity <windows_Manager> in library <work> (architecture <behavioral>).


=========================================================================
*                            HDL Analysis                               *
=========================================================================
Analyzing Entity <windows_Manager> in library <work> (Architecture <behavioral>).
Entity <windows_Manager> analyzed. Unit <windows_Manager> generated.


=========================================================================
*                           HDL Synthesis                               *
=========================================================================

Performing bidirectional port resolution...

Synthesizing Unit <windows_Manager>.
    Related source file is "C:/Users/Daniel/Desktop/Procesador_4/Procesador_4/windows_Manager.vhd".
WARNING:Xst:737 - Found 6-bit latch for signal <axRd>. Latches may be generated from incomplete case or if statements. We do not recommend the use of latches in FPGA/CPLD designs, as they may lead to timing problems.
WARNING:Xst:737 - Found 6-bit latch for signal <axRs1>. Latches may be generated from incomplete case or if statements. We do not recommend the use of latches in FPGA/CPLD designs, as they may lead to timing problems.
WARNING:Xst:737 - Found 6-bit latch for signal <axRs2>. Latches may be generated from incomplete case or if statements. We do not recommend the use of latches in FPGA/CPLD designs, as they may lead to timing problems.
WARNING:Xst:737 - Found 1-bit latch for signal <axncwp>. Latches may be generated from incomplete case or if statements. We do not recommend the use of latches in FPGA/CPLD designs, as they may lead to timing problems.
    Found 5-bit comparator greatequal for signal <axRd$cmp_ge0000> created at line 81.
    Found 5-bit comparator greatequal for signal <axRd$cmp_ge0001> created at line 83.
    Found 5-bit comparator lessequal for signal <axRd$cmp_le0000> created at line 85.
    Found 5-bit comparator lessequal for signal <axRd$cmp_le0001> created at line 81.
    Found 5-bit comparator lessequal for signal <axRd$cmp_le0002> created at line 83.
    Found 5-bit comparator greatequal for signal <axRs1$cmp_ge0000> created at line 61.
    Found 5-bit comparator greatequal for signal <axRs1$cmp_ge0001> created at line 63.
    Found 5-bit comparator lessequal for signal <axRs1$cmp_le0000> created at line 65.
    Found 5-bit comparator lessequal for signal <axRs1$cmp_le0001> created at line 61.
    Found 5-bit comparator lessequal for signal <axRs1$cmp_le0002> created at line 63.
    Found 5-bit comparator greatequal for signal <axRs2$cmp_ge0000> created at line 71.
    Found 5-bit comparator greatequal for signal <axRs2$cmp_ge0001> created at line 73.
    Found 5-bit comparator lessequal for signal <axRs2$cmp_le0000> created at line 75.
    Found 5-bit comparator lessequal for signal <axRs2$cmp_le0001> created at line 71.
    Found 5-bit comparator lessequal for signal <axRs2$cmp_le0002> created at line 73.
    Found 6-bit subtractor for signal <mux0000$addsub0000> created at line 81.
    Found 5-bit adder carry out for signal <mux0000$addsub0002> created at line 83.
    Found 5-bit comparator greatequal for signal <mux0000$cmp_ge0000> created at line 80.
    Found 6-bit subtractor for signal <mux0001$addsub0000> created at line 61.
    Found 5-bit adder carry out for signal <mux0001$addsub0002> created at line 63.
    Found 5-bit comparator greatequal for signal <mux0001$cmp_ge0000> created at line 60.
    Found 6-bit subtractor for signal <mux0002$addsub0000> created at line 71.
    Found 5-bit adder carry out for signal <mux0002$addsub0002> created at line 73.
    Found 5-bit comparator greatequal for signal <mux0002$cmp_ge0000> created at line 70.
    Summary:
	inferred   6 Adder/Subtractor(s).
	inferred  18 Comparator(s).
Unit <windows_Manager> synthesized.


=========================================================================
HDL Synthesis Report

Macro Statistics
# Adders/Subtractors                                   : 6
 5-bit adder carry out                                 : 3
 6-bit subtractor                                      : 3
# Latches                                              : 4
 1-bit latch                                           : 1
 6-bit latch                                           : 3
# Comparators                                          : 18
 5-bit comparator greatequal                           : 9
 5-bit comparator lessequal                            : 9

=========================================================================

=========================================================================
*                       Advanced HDL Synthesis                          *
=========================================================================


=========================================================================
Advanced HDL Synthesis Report

Macro Statistics
# Adders/Subtractors                                   : 6
 5-bit adder carry out                                 : 3
 6-bit subtractor                                      : 3
# Latches                                              : 4
 1-bit latch                                           : 1
 6-bit latch                                           : 3
# Comparators                                          : 18
 5-bit comparator greatequal                           : 9
 5-bit comparator lessequal                            : 9

=========================================================================

=========================================================================
*                         Low Level Synthesis                           *
=========================================================================

Optimizing unit <windows_Manager> ...

Mapping all equations...
Building and optimizing final netlist ...
Found area constraint ratio of 100 (+ 5) on block windows_Manager, actual ratio is 2.
Latch axncwp has been replicated 1 time(s) to handle iob=true attribute.

Final Macro Processing ...

=========================================================================
Final Register Report

Found no macro
=========================================================================

=========================================================================
*                           Partition Report                            *
=========================================================================

Partition Implementation Status
-------------------------------

  No Partitions were found in this design.

-------------------------------

=========================================================================
*                            Final Report                               *
=========================================================================
Final Results
RTL Top Level Output File Name     : windows_Manager.ngr
Top Level Output File Name         : windows_Manager
Output Format                      : NGC
Optimization Goal                  : Speed
Keep Hierarchy                     : No

Design Statistics
# IOs                              : 43

Cell Usage :
# BELS                             : 39
#      LUT2                        : 7
#      LUT3                        : 30
#      LUT4                        : 2
# FlipFlops/Latches                : 20
#      LD                          : 2
#      LDCP                        : 18
# IO Buffers                       : 43
#      IBUF                        : 24
#      OBUF                        : 19
=========================================================================

Device utilization summary:
---------------------------

Selected Device : 3s100evq100-4 

 Number of Slices:                       22  out of    960     2%  
 Number of Slice Flip Flops:              1  out of   1920     0%  
 Number of 4 input LUTs:                 39  out of   1920     2%  
 Number of IOs:                          43
 Number of bonded IOBs:                  43  out of     66    65%  
    IOB Flip Flops:                      19

---------------------------
Partition Resource Summary:
---------------------------

  No Partitions were found in this design.

---------------------------


=========================================================================
TIMING REPORT

NOTE: THESE TIMING NUMBERS ARE ONLY A SYNTHESIS ESTIMATE.
      FOR ACCURATE TIMING INFORMATION PLEASE REFER TO THE TRACE REPORT
      GENERATED AFTER PLACE-and-ROUTE.

Clock Information:
------------------
---------------------------------------+------------------------+-------+
Clock Signal                           | Clock buffer(FF name)  | Load  |
---------------------------------------+------------------------+-------+
axncwp_cmp_eq0000(axncwp_cmp_eq00001:O)| NONE(*)(axncwp)        | 2     |
axRs2_cmp_le0000(axRs2_cmp_le00001:O)  | NONE(*)(axRs2_0)       | 6     |
axRs1_cmp_le0000(axRs1_cmp_le00001:O)  | NONE(*)(axRs1_0)       | 6     |
axRd_cmp_le0000(axRd_cmp_le00001:O)    | NONE(*)(axRd_0)        | 6     |
---------------------------------------+------------------------+-------+
(*) These 4 clock signal(s) are generated by combinatorial logic,
and XST is not able to identify which are the primary clock signals.
Please use the CLOCK_SIGNAL constraint to specify the clock signal(s) generated by combinatorial logic.
INFO:Xst:2169 - HDL ADVISOR - Some clock signals were not automatically buffered by XST with BUFG/BUFR resources. Please use the buffer_type constraint in order to insert these buffers to the clock signals to help prevent skew problems.

Asynchronous Control Signals Information:
----------------------------------------
--------------------------------------+------------------------+-------+
Control Signal                        | Buffer(FF name)        | Load  |
--------------------------------------+------------------------+-------+
Rd<3>                                 | IBUF                   | 1     |
Rs1<3>                                | IBUF                   | 1     |
Rs2<3>                                | IBUF                   | 1     |
axRd_0__and0000(axRd_0__and00001:O)   | NONE(axRd_0)           | 1     |
axRd_0__and0001(axRd_0__and00011:O)   | NONE(axRd_0)           | 1     |
axRd_1__and0000(axRd_1__and00001:O)   | NONE(axRd_1)           | 1     |
axRd_1__and0001(axRd_1__and00011:O)   | NONE(axRd_1)           | 1     |
axRd_2__and0000(axRd_2__and00001:O)   | NONE(axRd_2)           | 1     |
axRd_2__and0001(axRd_2__and00011:O)   | NONE(axRd_2)           | 1     |
axRd_3__and0000(axRd_3__and00001:O)   | NONE(axRd_3)           | 1     |
axRd_4__and0000(axRd_4__and000021:O)  | NONE(axRd_4)           | 1     |
axRd_4__and0001(axRd_4__and000111:O)  | NONE(axRd_4)           | 1     |
axRd_5__and0000(axRd_5__and000011:O)  | NONE(axRd_5)           | 1     |
axRd_5__and0001(axRd_5__and00011:O)   | NONE(axRd_5)           | 1     |
axRs1_0__and0000(axRs1_0__and00001:O) | NONE(axRs1_0)          | 1     |
axRs1_0__and0001(axRs1_0__and00011:O) | NONE(axRs1_0)          | 1     |
axRs1_1__and0000(axRs1_1__and00001:O) | NONE(axRs1_1)          | 1     |
axRs1_1__and0001(axRs1_1__and00011:O) | NONE(axRs1_1)          | 1     |
axRs1_2__and0000(axRs1_2__and00001:O) | NONE(axRs1_2)          | 1     |
axRs1_2__and0001(axRs1_2__and00011:O) | NONE(axRs1_2)          | 1     |
axRs1_3__and0000(axRs1_3__and00001:O) | NONE(axRs1_3)          | 1     |
axRs1_4__and0000(axRs1_4__and000021:O)| NONE(axRs1_4)          | 1     |
axRs1_4__and0001(axRs1_4__and000111:O)| NONE(axRs1_4)          | 1     |
axRs1_5__and0000(axRs1_5__and000011:O)| NONE(axRs1_5)          | 1     |
axRs1_5__and0001(axRs1_5__and00011:O) | NONE(axRs1_5)          | 1     |
axRs2_0__and0000(axRs2_0__and00001:O) | NONE(axRs2_0)          | 1     |
axRs2_0__and0001(axRs2_0__and00011:O) | NONE(axRs2_0)          | 1     |
axRs2_1__and0000(axRs2_1__and00001:O) | NONE(axRs2_1)          | 1     |
axRs2_1__and0001(axRs2_1__and00011:O) | NONE(axRs2_1)          | 1     |
axRs2_2__and0000(axRs2_2__and00001:O) | NONE(axRs2_2)          | 1     |
axRs2_2__and0001(axRs2_2__and00011:O) | NONE(axRs2_2)          | 1     |
axRs2_3__and0000(axRs2_3__and00001:O) | NONE(axRs2_3)          | 1     |
axRs2_4__and0000(axRs2_4__and000021:O)| NONE(axRs2_4)          | 1     |
axRs2_4__and0001(axRs2_4__and000111:O)| NONE(axRs2_4)          | 1     |
axRs2_5__and0000(axRs2_5__and000011:O)| NONE(axRs2_5)          | 1     |
axRs2_5__and0001(axRs2_5__and00011:O) | NONE(axRs2_5)          | 1     |
--------------------------------------+------------------------+-------+

Timing Summary:
---------------
Speed Grade: -4

   Minimum period: No path found
   Minimum input arrival time before clock: 3.984ns
   Maximum output required time after clock: 4.368ns
   Maximum combinational path delay: No path found

Timing Detail:
--------------
All values displayed in nanoseconds (ns)

=========================================================================
Timing constraint: Default OFFSET IN BEFORE for Clock 'axncwp_cmp_eq0000'
  Total number of paths / destination ports: 14 / 2
-------------------------------------------------------------------------
Offset:              3.984ns (Levels of Logic = 3)
  Source:            Op3<4> (PAD)
  Destination:       axncwp (LATCH)
  Destination Clock: axncwp_cmp_eq0000 falling

  Data Path: Op3<4> to axncwp
                                Gate     Net
    Cell:in->out      fanout   Delay   Delay  Logical Name (Net Name)
    ----------------------------------------  ------------
     IBUF:I->O             1   1.218   0.595  Op3_4_IBUF (Op3_4_IBUF)
     LUT4:I0->O            1   0.704   0.455  axncwp_mux0002_SW0 (N01)
     LUT4:I2->O            2   0.704   0.000  axncwp_mux0002 (axncwp_mux0002)
     LD:D                      0.308          axncwp
    ----------------------------------------
    Total                      3.984ns (2.934ns logic, 1.050ns route)
                                       (73.6% logic, 26.4% route)

=========================================================================
Timing constraint: Default OFFSET IN BEFORE for Clock 'axRs2_cmp_le0000'
  Total number of paths / destination ports: 10 / 6
-------------------------------------------------------------------------
Offset:              3.366ns (Levels of Logic = 2)
  Source:            Rs2<4> (PAD)
  Destination:       axRs2_4 (LATCH)
  Destination Clock: axRs2_cmp_le0000 falling

  Data Path: Rs2<4> to axRs2_4
                                Gate     Net
    Cell:in->out      fanout   Delay   Delay  Logical Name (Net Name)
    ----------------------------------------  ------------
     IBUF:I->O            12   1.218   1.136  Rs2_4_IBUF (Rs2_4_IBUF)
     LUT3:I0->O            2   0.704   0.000  axRs2_5__and00011 (axRs2_5__and0001)
     LDCP:D                    0.308          axRs2_5
    ----------------------------------------
    Total                      3.366ns (2.230ns logic, 1.136ns route)
                                       (66.3% logic, 33.7% route)

=========================================================================
Timing constraint: Default OFFSET IN BEFORE for Clock 'axRs1_cmp_le0000'
  Total number of paths / destination ports: 10 / 6
-------------------------------------------------------------------------
Offset:              3.366ns (Levels of Logic = 2)
  Source:            Rs1<4> (PAD)
  Destination:       axRs1_4 (LATCH)
  Destination Clock: axRs1_cmp_le0000 falling

  Data Path: Rs1<4> to axRs1_4
                                Gate     Net
    Cell:in->out      fanout   Delay   Delay  Logical Name (Net Name)
    ----------------------------------------  ------------
     IBUF:I->O            12   1.218   1.136  Rs1_4_IBUF (Rs1_4_IBUF)
     LUT3:I0->O            2   0.704   0.000  axRs1_5__and00011 (axRs1_5__and0001)
     LDCP:D                    0.308          axRs1_5
    ----------------------------------------
    Total                      3.366ns (2.230ns logic, 1.136ns route)
                                       (66.3% logic, 33.7% route)

=========================================================================
Timing constraint: Default OFFSET IN BEFORE for Clock 'axRd_cmp_le0000'
  Total number of paths / destination ports: 8 / 6
-------------------------------------------------------------------------
Offset:              3.366ns (Levels of Logic = 2)
  Source:            Rd<4> (PAD)
  Destination:       axRd_4 (LATCH)
  Destination Clock: axRd_cmp_le0000 falling

  Data Path: Rd<4> to axRd_4
                                Gate     Net
    Cell:in->out      fanout   Delay   Delay  Logical Name (Net Name)
    ----------------------------------------  ------------
     IBUF:I->O            12   1.218   1.136  Rd_4_IBUF (Rd_4_IBUF)
     LUT3:I0->O            2   0.704   0.000  axRd_5__and00011 (axRd_5__and0001)
     LDCP:D                    0.308          axRd_5
    ----------------------------------------
    Total                      3.366ns (2.230ns logic, 1.136ns route)
                                       (66.3% logic, 33.7% route)

=========================================================================
Timing constraint: Default OFFSET OUT AFTER for Clock 'axncwp_cmp_eq0000'
  Total number of paths / destination ports: 1 / 1
-------------------------------------------------------------------------
Offset:              4.368ns (Levels of Logic = 1)
  Source:            axncwp_1 (LATCH)
  Destination:       ncwp (PAD)
  Source Clock:      axncwp_cmp_eq0000 falling

  Data Path: axncwp_1 to ncwp
                                Gate     Net
    Cell:in->out      fanout   Delay   Delay  Logical Name (Net Name)
    ----------------------------------------  ------------
     LD:G->Q               1   0.676   0.420  axncwp_1 (axncwp_1)
     OBUF:I->O                 3.272          ncwp_OBUF (ncwp)
    ----------------------------------------
    Total                      4.368ns (3.948ns logic, 0.420ns route)
                                       (90.4% logic, 9.6% route)

=========================================================================
Timing constraint: Default OFFSET OUT AFTER for Clock 'axRd_cmp_le0000'
  Total number of paths / destination ports: 6 / 6
-------------------------------------------------------------------------
Offset:              4.368ns (Levels of Logic = 1)
  Source:            axRd_5 (LATCH)
  Destination:       SalidaRd<5> (PAD)
  Source Clock:      axRd_cmp_le0000 falling

  Data Path: axRd_5 to SalidaRd<5>
                                Gate     Net
    Cell:in->out      fanout   Delay   Delay  Logical Name (Net Name)
    ----------------------------------------  ------------
     LDCP:G->Q             1   0.676   0.420  axRd_5 (axRd_5)
     OBUF:I->O                 3.272          SalidaRd_5_OBUF (SalidaRd<5>)
    ----------------------------------------
    Total                      4.368ns (3.948ns logic, 0.420ns route)
                                       (90.4% logic, 9.6% route)

=========================================================================
Timing constraint: Default OFFSET OUT AFTER for Clock 'axRs1_cmp_le0000'
  Total number of paths / destination ports: 6 / 6
-------------------------------------------------------------------------
Offset:              4.368ns (Levels of Logic = 1)
  Source:            axRs1_5 (LATCH)
  Destination:       SalidaRs1<5> (PAD)
  Source Clock:      axRs1_cmp_le0000 falling

  Data Path: axRs1_5 to SalidaRs1<5>
                                Gate     Net
    Cell:in->out      fanout   Delay   Delay  Logical Name (Net Name)
    ----------------------------------------  ------------
     LDCP:G->Q             1   0.676   0.420  axRs1_5 (axRs1_5)
     OBUF:I->O                 3.272          SalidaRs1_5_OBUF (SalidaRs1<5>)
    ----------------------------------------
    Total                      4.368ns (3.948ns logic, 0.420ns route)
                                       (90.4% logic, 9.6% route)

=========================================================================
Timing constraint: Default OFFSET OUT AFTER for Clock 'axRs2_cmp_le0000'
  Total number of paths / destination ports: 6 / 6
-------------------------------------------------------------------------
Offset:              4.368ns (Levels of Logic = 1)
  Source:            axRs2_5 (LATCH)
  Destination:       SalidaRs2<5> (PAD)
  Source Clock:      axRs2_cmp_le0000 falling

  Data Path: axRs2_5 to SalidaRs2<5>
                                Gate     Net
    Cell:in->out      fanout   Delay   Delay  Logical Name (Net Name)
    ----------------------------------------  ------------
     LDCP:G->Q             1   0.676   0.420  axRs2_5 (axRs2_5)
     OBUF:I->O                 3.272          SalidaRs2_5_OBUF (SalidaRs2<5>)
    ----------------------------------------
    Total                      4.368ns (3.948ns logic, 0.420ns route)
                                       (90.4% logic, 9.6% route)

=========================================================================


Total REAL time to Xst completion: 22.00 secs
Total CPU time to Xst completion: 22.22 secs
 
--> 

Total memory usage is 247288 kilobytes

Number of errors   :    0 (   0 filtered)
Number of warnings :    4 (   0 filtered)
Number of infos    :    1 (   0 filtered)

