Command line:
   prueba_sumador_isim_beh.exe
     -simmode  gui
     -simrunnum  0
     -socket  52555

Tue Apr 18 16:11:10 2017


 Elaboration Time: 0.0156 sec

 Current Memory Usage: 667.111 Meg

 Total Signals          : 6
 Total Nets             : 96
 Total Signal Drivers   : 3
 Total Blocks           : 6
 Total Primitive Blocks : 5
 Total Processes        : 2
 Total Traceable Variables  : 10
 Total Scalar Nets and Variables : 474
Total Line Count : 13

 Total Simulation Time: 0.0156 sec

 Current Memory Usage: 667.111 Meg

Tue Apr 18 16:11:29 2017

