Running: C:\Xilinx\14.7\ISE_DS\ISE\bin\nt64\unwrapped\fuse.exe -intstyle ise -incremental -o C:/Users/utp.CRIE/Desktop/Procesador_2_PruebasModulos/Procesador_2/prueba_aLU_isim_beh.exe -prj C:/Users/utp.CRIE/Desktop/Procesador_2_PruebasModulos/Procesador_2/prueba_aLU_beh.prj work.prueba_aLU 
ISim P.20131013 (signature 0x7708f090)
Number of CPUs detected in this system: 8
Turning on mult-threading, number of parallel sub-compilation jobs: 16 
Determining compilation order of HDL files
Parsing VHDL file "C:/Users/utp.CRIE/Desktop/Procesador_2_PruebasModulos/Procesador_2/ALU.vhd" into library work
Parsing VHDL file "C:/Users/utp.CRIE/Desktop/Procesador_2_PruebasModulos/Procesador_2/prueba_aLU.vhd" into library work
Starting static elaboration
Completed static elaboration
Compiling package standard
Compiling package std_logic_1164
Compiling package std_logic_arith
Compiling package std_logic_unsigned
Compiling architecture behavioral of entity aLU [alu_default]
Compiling architecture behavior of entity prueba_alu
Time Resolution for simulation is 1ps.
Compiled 7 VHDL Units
Built simulation executable C:/Users/utp.CRIE/Desktop/Procesador_2_PruebasModulos/Procesador_2/prueba_aLU_isim_beh.exe
Fuse Memory Usage: 34172 KB
Fuse CPU Usage: 327 ms
