Command line:
   prueba_uC_isim_beh.exe
     -simmode  gui
     -simrunnum  0
     -socket  55278

Sun Apr 09 23:50:54 2017


 Elaboration Time: 0.09375 sec

 Current Memory Usage: 361.714 Meg

 Total Signals          : 6
 Total Nets             : 14
 Total Signal Drivers   : 3
 Total Blocks           : 5
 Total Primitive Blocks : 4
 Total Processes        : 2
 Total Traceable Variables  : 10
 Total Scalar Nets and Variables : 392
Total Line Count : 14

 Total Simulation Time: 0.109375 sec

 Current Memory Usage: 519.008 Meg

Sun Apr 09 23:52:45 2017

