Running: C:\Xilinx\14.7\ISE_DS\ISE\bin\nt64\unwrapped\fuse.exe -intstyle ise -incremental -o C:/Users/Daniel/Desktop/Procesador_2/Procesador_2/prueba_procesadorUnion_isim_beh.exe -prj C:/Users/Daniel/Desktop/Procesador_2/Procesador_2/prueba_procesadorUnion_beh.prj work.prueba_procesadorUnion 
ISim P.20131013 (signature 0x7708f090)
Number of CPUs detected in this system: 4
Turning on mult-threading, number of parallel sub-compilation jobs: 8 
Determining compilation order of HDL files
Parsing VHDL file "C:/Users/Daniel/Desktop/Procesador_2/Procesador_2/UC.vhd" into library work
Parsing VHDL file "C:/Users/Daniel/Desktop/Procesador_2/Procesador_2/Suma.vhd" into library work
Parsing VHDL file "C:/Users/Daniel/Desktop/Procesador_2/Procesador_2/SEU.vhd" into library work
Parsing VHDL file "C:/Users/Daniel/Desktop/Procesador_2/Procesador_2/RegisterFile.vhd" into library work
Parsing VHDL file "C:/Users/Daniel/Desktop/Procesador_2/Procesador_2/nPC.vhd" into library work
Parsing VHDL file "C:/Users/Daniel/Desktop/Procesador_2/Procesador_2/MUX.vhd" into library work
Parsing VHDL file "C:/Users/Daniel/Desktop/Procesador_2/Procesador_2/IM.vhd" into library work
Parsing VHDL file "C:/Users/Daniel/Desktop/Procesador_2/Procesador_2/ALU.vhd" into library work
Parsing VHDL file "C:/Users/Daniel/Desktop/Procesador_2/Procesador_2/procesadorUnion.vhd" into library work
Parsing VHDL file "C:/Users/Daniel/Desktop/Procesador_2/Procesador_2/prueba_procesadorUnion.vhd" into library work
Starting static elaboration
Completed static elaboration
Compiling package standard
Compiling package std_logic_1164
Compiling package std_logic_arith
Compiling package std_logic_unsigned
Compiling package textio
Compiling architecture behavioral of entity sumador [sumador_default]
Compiling architecture behavioral of entity nPC [npc_default]
Compiling architecture behavioral of entity iM [im_default]
Compiling architecture behavioral of entity uC [uc_default]
Compiling architecture behavioral of entity registerFile [registerfile_default]
Compiling architecture behavioral of entity sEU [seu_default]
Compiling architecture behavioral of entity mUX [mux_default]
Compiling architecture behavioral of entity aLU [alu_default]
Compiling architecture behavioral of entity procesadorUnion [procesadorunion_default]
Compiling architecture behavior of entity prueba_procesadorunion
Time Resolution for simulation is 1ps.
Waiting for 7 sub-compilation(s) to finish...
Compiled 24 VHDL Units
Built simulation executable C:/Users/Daniel/Desktop/Procesador_2/Procesador_2/prueba_procesadorUnion_isim_beh.exe
Fuse Memory Usage: 33008 KB
Fuse CPU Usage: 1359 ms
